<?xml version="1.0" encoding="UTF-8"?>                                                                                                         
<testsuites tests="4" failures="0" disabled="0" errors="0" time="0" timestamp="2021-06-09T07:23:05" name="AllTests">                           
  <testsuite name="SquareRootTest" tests="2" failures="0" disabled="0" errors="0" time="0" timestamp="2021-06-09T07:23:05">                    
    <testcase name="PositiveNos" status="run" result="completed" time="0" timestamp="2021-06-09T07:23:05" classname="SquareRootTest" />        
    <testcase name="NegativeNos" status="run" result="completed" time="0" timestamp="2021-06-09T07:23:05" classname="SquareRootTest" />        
  </testsuite>                                                                                                                                 
  <testsuite name="SquareRootTestNonFatal" tests="2" failures="0" disabled="0" errors="0" time="0" timestamp="2021-06-09T07:23:05">            
    <testcase name="PositiveNos" status="run" result="completed" time="0" timestamp="2021-06-09T07:23:05" classname="SquareRootTestNonFatal" />
    <testcase name="NegativeNos" status="run" result="completed" time="0" timestamp="2021-06-09T07:23:05" classname="SquareRootTestNonFatal" />
  </testsuite>                                                                                                                                 
</testsuites>                                                                                                                                  